2025-04-15 08:35:12.086 [info] [main] Log level: Info
2025-04-15 08:35:12.086 [info] [main] Validating found git in: "git"
2025-04-15 08:35:12.086 [info] [main] Using git "2.34.1" from "git"
2025-04-15 08:35:12.086 [info] [Model][doInitialScan] Initial repository scan started
2025-04-15 08:35:12.086 [info] > git rev-parse --show-toplevel [5ms]
2025-04-15 08:35:12.086 [info] fatal: not a git repository (or any of the parent directories): .git
2025-04-15 08:35:12.086 [info] > git rev-parse --show-toplevel [4ms]
2025-04-15 08:35:12.086 [info] fatal: not a git repository (or any of the parent directories): .git
2025-04-15 08:35:12.086 [info] > git rev-parse --show-toplevel [3ms]
2025-04-15 08:35:12.086 [info] fatal: not a git repository (or any of the parent directories): .git
2025-04-15 08:35:12.086 [info] > git rev-parse --show-toplevel [3ms]
2025-04-15 08:35:12.086 [info] fatal: not a git repository (or any of the parent directories): .git
2025-04-15 08:35:12.086 [info] > git rev-parse --show-toplevel [3ms]
2025-04-15 08:35:12.086 [info] fatal: not a git repository (or any of the parent directories): .git
2025-04-15 08:35:12.086 [info] > git rev-parse --show-toplevel [3ms]
2025-04-15 08:35:12.086 [info] fatal: not a git repository (or any of the parent directories): .git
2025-04-15 08:35:12.086 [info] > git rev-parse --show-toplevel [1ms]
2025-04-15 08:35:12.086 [info] fatal: not a git repository (or any of the parent directories): .git
2025-04-15 08:35:12.086 [info] > git rev-parse --show-toplevel [4ms]
2025-04-15 08:35:12.086 [info] > git rev-parse --git-dir --git-common-dir [4ms]
2025-04-15 08:35:12.086 [info] [Model][openRepository] Opened repository: /home/ubuntu/.nvm
2025-04-15 08:35:12.086 [info] > git config --get commit.template [4ms]
2025-04-15 08:35:12.086 [info] > git rev-parse --show-toplevel [7ms]
2025-04-15 08:35:12.086 [info] fatal: not a git repository (or any of the parent directories): .git
2025-04-15 08:35:12.086 [info] > git for-each-ref --format %(refname)%00%(objectname)%00%(*objectname) refs/tags [3ms]
2025-04-15 08:35:12.086 [info] > git for-each-ref --sort -committerdate --format %(refname)%00%(objectname)%00%(*objectname) [8ms]
2025-04-15 08:35:12.086 [info] > git rev-parse --show-toplevel [5ms]
2025-04-15 08:35:12.086 [info] fatal: not a git repository (or any of the parent directories): .git
2025-04-15 08:35:12.086 [info] > git rev-parse --show-toplevel [3ms]
2025-04-15 08:35:12.086 [info] fatal: not a git repository (or any of the parent directories): .git
2025-04-15 08:35:12.086 [info] > git status -z -uall [28ms]
2025-04-15 08:35:12.086 [info] > git rev-parse --show-toplevel [33ms]
2025-04-15 08:35:12.086 [info] fatal: not a git repository (or any of the parent directories): .git
2025-04-15 08:35:12.086 [info] > git config --get commit.template [6ms]
2025-04-15 08:35:12.086 [info] > git rev-parse --show-toplevel [8ms]
2025-04-15 08:35:12.086 [info] fatal: not a git repository (or any of the parent directories): .git
2025-04-15 08:35:12.086 [info] > git for-each-ref --format %(refname)%00%(objectname)%00%(*objectname) refs/tags [4ms]
2025-04-15 08:35:12.086 [info] > git for-each-ref --sort -committerdate --format %(refname)%00%(objectname)%00%(*objectname) [9ms]
2025-04-15 08:35:12.092 [info] > git rev-parse --show-toplevel [9ms]
2025-04-15 08:35:12.092 [info] fatal: not a git repository (or any of the parent directories): .git
2025-04-15 08:35:12.096 [info] > git status -z -uall [24ms]
2025-04-15 08:35:12.102 [info] > git rev-parse --show-toplevel [7ms]
2025-04-15 08:35:12.102 [info] fatal: not a git repository (or any of the parent directories): .git
2025-04-15 08:35:12.108 [info] > git rev-parse --show-toplevel [2ms]
2025-04-15 08:35:12.108 [info] fatal: not a git repository (or any of the parent directories): .git
2025-04-15 08:35:12.112 [info] [Model][doInitialScan] Initial repository scan completed - repositories (1), closed repositories (0), parent repositories (0), unsafe repositories (0)
2025-04-15 08:35:12.621 [info] > git rev-parse --show-toplevel [3ms]
2025-04-15 08:35:12.689 [info] > git check-ignore -v -z --stdin [2ms]
