2025-04-15 08:28:00.828 [info] [main] Log level: Info
2025-04-15 08:28:00.828 [info] [main] Validating found git in: "git"
2025-04-15 08:28:00.828 [info] [main] Using git "2.34.1" from "git"
2025-04-15 08:28:00.829 [info] [Model][doInitialScan] Initial repository scan started
2025-04-15 08:28:00.829 [info] > git rev-parse --show-toplevel [3ms]
2025-04-15 08:28:00.829 [info] fatal: not a git repository (or any of the parent directories): .git
2025-04-15 08:28:00.829 [info] > git rev-parse --show-toplevel [2ms]
2025-04-15 08:28:00.829 [info] fatal: not a git repository (or any of the parent directories): .git
2025-04-15 08:28:00.829 [info] > git rev-parse --show-toplevel [3ms]
2025-04-15 08:28:00.829 [info] fatal: not a git repository (or any of the parent directories): .git
2025-04-15 08:28:00.829 [info] > git rev-parse --show-toplevel [3ms]
2025-04-15 08:28:00.829 [info] fatal: not a git repository (or any of the parent directories): .git
2025-04-15 08:28:00.829 [info] > git rev-parse --show-toplevel [3ms]
2025-04-15 08:28:00.829 [info] fatal: not a git repository (or any of the parent directories): .git
2025-04-15 08:28:00.829 [info] > git rev-parse --show-toplevel [2ms]
2025-04-15 08:28:00.829 [info] fatal: not a git repository (or any of the parent directories): .git
2025-04-15 08:28:00.829 [info] > git rev-parse --show-toplevel [3ms]
2025-04-15 08:28:00.829 [info] fatal: not a git repository (or any of the parent directories): .git
2025-04-15 08:28:00.829 [info] > git rev-parse --show-toplevel [3ms]
2025-04-15 08:28:00.829 [info] > git rev-parse --git-dir --git-common-dir [2ms]
2025-04-15 08:28:00.829 [info] [Model][openRepository] Opened repository: /home/ubuntu/.nvm
2025-04-15 08:28:00.829 [info] > git rev-parse --show-toplevel [15ms]
2025-04-15 08:28:00.829 [info] fatal: not a git repository (or any of the parent directories): .git
2025-04-15 08:28:00.829 [info] > git config --get commit.template [19ms]
2025-04-15 08:28:00.829 [info] > git rev-parse --show-toplevel [6ms]
2025-04-15 08:28:00.829 [info] fatal: not a git repository (or any of the parent directories): .git
2025-04-15 08:28:00.829 [info] > git for-each-ref --format %(refname)%00%(objectname)%00%(*objectname) refs/tags [6ms]
2025-04-15 08:28:00.829 [info] > git rev-parse --show-toplevel [11ms]
2025-04-15 08:28:00.829 [info] fatal: not a git repository (or any of the parent directories): .git
2025-04-15 08:28:00.829 [info] > git for-each-ref --sort -committerdate --format %(refname)%00%(objectname)%00%(*objectname) [7ms]
2025-04-15 08:28:00.829 [info] > git rev-parse --show-toplevel [2ms]
2025-04-15 08:28:00.829 [info] fatal: not a git repository (or any of the parent directories): .git
2025-04-15 08:28:00.829 [info] > git status -z -uall [30ms]
2025-04-15 08:28:00.829 [info] > git rev-parse --show-toplevel [2ms]
2025-04-15 08:28:00.829 [info] fatal: not a git repository (or any of the parent directories): .git
2025-04-15 08:28:00.829 [info] > git rev-parse --show-toplevel [6ms]
2025-04-15 08:28:00.829 [info] fatal: not a git repository (or any of the parent directories): .git
2025-04-15 08:28:00.829 [info] > git rev-parse --show-toplevel [30ms]
2025-04-15 08:28:00.829 [info] fatal: not a git repository (or any of the parent directories): .git
2025-04-15 08:28:00.829 [info] [Model][doInitialScan] Initial repository scan completed - repositories (1), closed repositories (0), parent repositories (0), unsafe repositories (0)
2025-04-15 08:28:00.829 [info] > git config --get commit.template [43ms]
2025-04-15 08:28:00.829 [info] > git for-each-ref --format %(refname)%00%(objectname)%00%(*objectname) refs/tags [16ms]
2025-04-15 08:28:00.829 [info] > git rev-parse --show-toplevel [11ms]
2025-04-15 08:28:00.829 [info] fatal: not a git repository (or any of the parent directories): .git
2025-04-15 08:28:00.829 [info] > git for-each-ref --sort -committerdate --format %(refname)%00%(objectname)%00%(*objectname) [17ms]
2025-04-15 08:28:00.905 [info] > git status -z -uall [102ms]
2025-04-15 08:28:01.417 [info] > git rev-parse --show-toplevel [7ms]
2025-04-15 08:28:01.419 [info] > git check-ignore -v -z --stdin [3ms]
2025-04-15 08:28:07.056 [info] > git rev-parse --show-toplevel [31ms]
2025-04-15 08:28:07.056 [info] fatal: not a git repository (or any of the parent directories): .git
2025-04-15 08:28:42.724 [info] > git rev-parse --show-toplevel [14ms]
2025-04-15 08:28:42.724 [info] fatal: not a git repository (or any of the parent directories): .git
